<?xml version="1.0" encoding="UTF-8"?>
<!-- Generated by org.testng.reporters.JUnitXMLReporter -->
<testsuite hostname="w" ignored="4" name="Test" tests="5" failures="0" timestamp="10 Jun 2017 03:25:36 GMT" time="0.101" errors="0">
  <testcase name="testC" time="0.014" classname="ABC.DemoB"/>
  <testcase name="testC" time="0.003" classname="ABC.DemoB"/>
  <testcase name="testB" time="0.006" classname="ABC.DemoA"/>
  <testcase name="testB" time="0.005" classname="ABC.DemoA"/>
  <testcase name="testA" time="0.001" classname="ABC.DemoA"/>
  <testcase name="@BeforeTest m3" time="0.0" classname="ABC.Basetest">
    <ignored/>
  </testcase> <!-- @BeforeTest m3 -->
  <testcase name="@AfterSuite m2" time="0.0" classname="ABC.Basetest">
    <ignored/>
  </testcase> <!-- @AfterSuite m2 -->
  <testcase name="@AfterTest m4" time="0.0" classname="ABC.Basetest">
    <ignored/>
  </testcase> <!-- @AfterTest m4 -->
  <testcase name="@BeforeSuite m1" time="0.0" classname="ABC.Basetest">
    <ignored/>
  </testcase> <!-- @BeforeSuite m1 -->
</testsuite> <!-- Test -->
